Build started 13.03.2019 17:45:00.
     1>Project "C:\Users\romas\documents\visual studio 2013\Projects\Map\Map\Map.vcxproj" on node 2 (Build target(s)).
     1>ClCompile:
         D:\VS\VC\bin\CL.exe /c /ZI /nologo /W3 /WX- /sdl /Od /Oy- /D WIN32 /D _DEBUG /D _CONSOLE /D _LIB /D _UNICODE /D UNICODE /Gm /EHsc /RTC1 /MDd /GS /fp:precise /Zc:wchar_t /Zc:forScope /Yu"stdafx.h" /Fp"Debug\Map.pch" /Fo"Debug\\" /Fd"Debug\vc120.pdb" /Gd /TP /analyze- /errorReport:prompt Map.cpp
         Map.cpp
     1>c:\users\romas\documents\visual studio 2013\projects\map\map\map.cpp(112): warning C4018: '<' : signed/unsigned mismatch
     1>c:\users\romas\documents\visual studio 2013\projects\map\map\map.cpp(134): warning C4018: '<' : signed/unsigned mismatch
     1>c:\users\romas\documents\visual studio 2013\projects\map\map\map.cpp(144): warning C4018: '<' : signed/unsigned mismatch
     1>c:\users\romas\documents\visual studio 2013\projects\map\map\map.cpp(174): warning C4018: '<' : signed/unsigned mismatch
     1>c:\users\romas\documents\visual studio 2013\projects\map\map\map.cpp(321): warning C4018: '<' : signed/unsigned mismatch
     1>c:\users\romas\documents\visual studio 2013\projects\map\map\map.cpp(339): warning C4018: '<' : signed/unsigned mismatch
     1>c:\users\romas\documents\visual studio 2013\projects\map\map\map.cpp(355): warning C4018: '<' : signed/unsigned mismatch
     1>c:\users\romas\documents\visual studio 2013\projects\map\map\map.cpp(373): warning C4018: '<' : signed/unsigned mismatch
       Link:
         D:\VS\VC\bin\link.exe /ERRORREPORT:PROMPT /OUT:"C:\Users\romas\documents\visual studio 2013\Projects\Map\Debug\Map.exe" /INCREMENTAL /NOLOGO kernel32.lib user32.lib gdi32.lib winspool.lib comdlg32.lib advapi32.lib shell32.lib ole32.lib oleaut32.lib uuid.lib odbc32.lib odbccp32.lib /MANIFEST /MANIFESTUAC:"level='asInvoker' uiAccess='false'" /manifest:embed /DEBUG /PDB:"C:\Users\romas\documents\visual studio 2013\Projects\Map\Debug\Map.pdb" /SUBSYSTEM:CONSOLE /TLBID:1 /DYNAMICBASE /NXCOMPAT /IMPLIB:"C:\Users\romas\documents\visual studio 2013\Projects\Map\Debug\Map.lib" /MACHINE:X86 Debug\Map.obj
         Debug\stdafx.obj
         Map.vcxproj -> C:\Users\romas\documents\visual studio 2013\Projects\Map\Debug\Map.exe
     1>Done Building Project "C:\Users\romas\documents\visual studio 2013\Projects\Map\Map\Map.vcxproj" (Build target(s)).

Build succeeded.

Time Elapsed 00:00:00.91
